
Showing logs for build [32mbeethub-file-master-release-fsvmj-11[0m stage [32mfrom-build-pack[0m and container [32mstep-credential-initializer-7pjrx[0m
{"level":"warn","ts":1587760987.510076,"logger":"fallback-logger","caller":"logging/config.go:69","msg":"Fetch GitHub commit ID from kodata failed: \"ref: refs/heads/0.8.0-**-support-backwards-incompats\" is not a valid GitHub commit ID"}
{"level":"info","ts":1587760987.5108206,"logger":"fallback-logger","caller":"creds-init/main.go:40","msg":"Credentials initialized."}

Showing logs for build [32mbeethub-file-master-release-fsvmj-11[0m stage [32mfrom-build-pack[0m and container [32mstep-working-dir-initializer-x9lf6[0m
{"level":"warn","ts":1587760988.0763557,"logger":"fallback-logger","caller":"logging/config.go:69","msg":"Fetch GitHub commit ID from kodata failed: open /var/run/ko/HEAD: no such file or directory"}
{"level":"info","ts":1587760988.0819843,"logger":"fallback-logger","caller":"bash/main.go:64","msg":"Successfully executed command \"sh -c mkdir -p /workspace/source\"; output "}

Showing logs for build [32mbeethub-file-master-release-fsvmj-11[0m stage [32mfrom-build-pack[0m and container [32mstep-place-tools[0m

Showing logs for build [32mbeethub-file-master-release-fsvmj-11[0m stage [32mfrom-build-pack[0m and container [32mstep-git-source-beethub-file-master-release-fsvmj-mcc8b[0m
{"level":"warn","ts":1587760995.1378968,"logger":"fallback-logger","caller":"logging/config.go:69","msg":"Fetch GitHub commit ID from kodata failed: \"ref: refs/heads/0.8.0-**-support-backwards-incompats\" is not a valid GitHub commit ID"}
{"level":"info","ts":1587760995.4097135,"logger":"fallback-logger","caller":"git/git.go:103","msg":"Successfully cloned https://github.com/beethub/file.git @ v0.0.10 in path /workspace/source"}

Showing logs for build [32mbeethub-file-master-release-fsvmj-11[0m stage [32mfrom-build-pack[0m and container [32mstep-git-merge[0m
Using SHAs from PULL_REFS=master:b5a8c49f00da181fc19060db72f757d5984662bd
WARNING: no SHAs to merge, falling back to initial cloned commit

Showing logs for build [32mbeethub-file-master-release-fsvmj-11[0m stage [32mfrom-build-pack[0m and container [32mstep-setup-jx-git-credentials[0m
Generated Git credentials file /workspace/xdg_config/git/credentials

Showing logs for build [32mbeethub-file-master-release-fsvmj-11[0m stage [32mfrom-build-pack[0m and container [32mstep-build-npmrc-ts[0m
Command "credential" is deprecated, it will be removed on Jun 1 2020.  This is replaced by Tekton's mounted secrets
WARNING: failed to find Secret npm-token in namespace **

Showing logs for build [32mbeethub-file-master-release-fsvmj-11[0m stage [32mfrom-build-pack[0m and container [32mstep-build-npm-install-ts[0m

> nodemon@2.0.3 postinstall /workspace/source/node_modules/nodemon
> node bin/postinstall || exit 0

[32mLove nodemon? You can now support the project via the open collective:[22m[39m
 > [96m[1mhttps://opencollective.com/nodemon/donate[0m

npm WARN file@1.0.0 No repository field.
npm WARN optional SKIPPING OPTIONAL DEPENDENCY: fsevents@2.1.3 (node_modules/fsevents):
npm WARN notsup SKIPPING OPTIONAL DEPENDENCY: Unsupported platform for fsevents@2.1.3: wanted {"os":"darwin","arch":"any"} (current: {"os":"linux","arch":"x64"})

added 241 packages from 299 contributors and audited 567 packages in 5.597s
found 0 vulnerabilities


Showing logs for build [32mbeethub-file-master-release-fsvmj-11[0m stage [32mfrom-build-pack[0m and container [32mstep-build-npm-test-ts[0m

> file@1.0.0 test /workspace/source
> echo "Error: no test specified" && exit 0

Error: no test specified

Showing logs for build [32mbeethub-file-master-release-fsvmj-11[0m stage [32mfrom-build-pack[0m and container [32mstep-build-transpile-ts-to-js[0m

> file@1.0.0 build /workspace/source
> tsc


Showing logs for build [32mbeethub-file-master-release-fsvmj-11[0m stage [32mfrom-build-pack[0m and container [32mstep-build-container-build-ts[0m
[36mINFO[0m[0000] Downloading base image node:10-slim          
[36mINFO[0m[0000] Error while retrieving image from cache: getting file info: stat /workspace/sha256:79809f748c1de29269f1fffc212486a758412e4f0f0c79eaf99408245156a042: no such file or directory 
[36mINFO[0m[0000] Downloading base image node:10-slim          
[36mINFO[0m[0000] cmd: EXPOSE                                  
[36mINFO[0m[0000] Adding exposed port: 4000/tcp                
[36mINFO[0m[0000] Using files from context: [/workspace/source/package-lock.json /workspace/source/package.json] 
[36mINFO[0m[0000] Checking for cached layer docker.io/todo/cache:aca6142117d9c59161e0777aa01cd52e81fa252579e37f7d447e7a305931ad15... 
[36mINFO[0m[0000] No cached layer found for cmd RUN npm install --production 
[36mINFO[0m[0000] Unpacking rootfs as cmd RUN npm install --production requires it. 
[36mINFO[0m[0004] Taking snapshot of full filesystem...        
[36mINFO[0m[0005] ENV PORT 4000                                
[36mINFO[0m[0005] No files changed in this command, skipping snapshotting. 
[36mINFO[0m[0005] EXPOSE 4000                                  
[36mINFO[0m[0005] cmd: EXPOSE                                  
[36mINFO[0m[0005] Adding exposed port: 4000/tcp                
[36mINFO[0m[0005] No files changed in this command, skipping snapshotting. 
[36mINFO[0m[0005] WORKDIR /usr/src/app                         
[36mINFO[0m[0005] cmd: workdir                                 
[36mINFO[0m[0005] Changed working directory to /usr/src/app    
[36mINFO[0m[0005] Creating directory /usr/src/app              
[36mINFO[0m[0005] Taking snapshot of files...                  
[36mINFO[0m[0005] ENV  NODE_ENV production                     
[36mINFO[0m[0005] No files changed in this command, skipping snapshotting. 
[36mINFO[0m[0005] Using files from context: [/workspace/source/package-lock.json /workspace/source/package.json] 
[36mINFO[0m[0005] COPY package-lock.json package.json ./       
[36mINFO[0m[0005] Taking snapshot of files...                  
[36mINFO[0m[0005] RUN npm install --production                 
[36mINFO[0m[0005] cmd: /bin/sh                                 
[36mINFO[0m[0005] args: [-c npm install --production]          
npm WARN file@1.0.0 No repository field.

added 105 packages from 124 contributors and audited 567 packages in 3.454s

1 package is looking for funding
  run `npm fund` for details

found 0 vulnerabilities

[36mINFO[0m[0009] Taking snapshot of full filesystem...        
[36mINFO[0m[0012] Pushing layer docker.io/todo/cache:aca6142117d9c59161e0777aa01cd52e81fa252579e37f7d447e7a305931ad15 to cache now 
[36mINFO[0m[0012] Using files from context: [/workspace/source/dist] 
[36mINFO[0m[0012] COPY dist/ .                                 
[36mINFO[0m[0012] Taking snapshot of files...                  
[36mINFO[0m[0012] CMD ["node", "server.js"]                    
[36mINFO[0m[0012] No files changed in this command, skipping snapshotting. 
[33mWARN[0m[0012] error uploading layer to cache: failed to push to destination index.docker.io/todo/cache:aca6142117d9c59161e0777aa01cd52e81fa252579e37f7d447e7a305931ad15: unsupported status code 401; body:  
2020/04/24 20:43:46 existing blob: sha256:b248fa9f6d2ae427ad7f00de3537ab256ae7eb413565f8be0773ee9b86ef57d4
2020/04/24 20:43:46 existing blob: sha256:e0e12a9748040266d2d09cc72d614aca34372e71e18eeed24cac348afd749dde
2020/04/24 20:43:46 existing blob: sha256:4469156a14f806b7b2147846da99f61aa35bec6d0fce4e9d91f301983af9d145
2020/04/24 20:43:46 existing blob: sha256:dffc92453adc4373bc160dde6f865500ea6aecece36ab7b6568c37bfd12ea1e8
2020/04/24 20:43:46 existing blob: sha256:ef52e5d248350d9b7264086aeea8f7ddc02075ae900f879fe7f90e53b699927b
2020/04/24 20:43:47 pushed blob: sha256:0e7a914eb94b887e1fe13700927fb9f45d8efe940b87708547e8991e969b4b99
2020/04/24 20:43:47 pushed blob: sha256:852f63cb99cc9697db6e3846209b9e803dca5c131ac85a69b3f8c731ebae6047
2020/04/24 20:43:47 pushed blob: sha256:5ce51d6a9e4cbe966923a739af288fa1074d31b90e36210e8b66c5e89f8a9d3d
2020/04/24 20:43:47 pushed blob: sha256:e5c5f9dddfb86beedeeb30c8218de5b931bde5b18cca8a71694d54e2b28c118b
2020/04/24 20:43:49 pushed blob: sha256:4e19ce02b4007c6ffdfacd3a690711b67f6d8bd3ae990345256a56d01ff75299
2020/04/24 20:43:49 index.docker.io/beethub/file:0.0.10: digest: sha256:77fa26fbb4ce1303389634f8db9b94d572dff1f35ac98c8bb9773dfc415bd99a size: 1727

Showing logs for build [32mbeethub-file-master-release-fsvmj-11[0m stage [32mfrom-build-pack[0m and container [32mstep-build-post-build-ts[0m
no CVE provider running in the current ** namespace so skip adding image to be analysed

Showing logs for build [32mbeethub-file-master-release-fsvmj-11[0m stage [32mfrom-build-pack[0m and container [32mstep-promote-changelog[0m
Converted /workspace/source/charts/file to an unshallow repository
Generating change log from git ref c49f1ef8945ef3bd9791b5844c57aebdfa8a67c9 => 1871689c86731a0c5f61fd33a395a955b967bc73
Associating user x-0 in users.jenkins.io with email cesarac66@hotmail.com to git GitProvider user with login -0 as emails match
Adding label jenkins.io/git-github-userid=-0 to user x-0 in users.jenkins.io
WARNING: Failed to enrich commit b5a8c49f00da181fc19060db72f757d5984662bd with issues: User.jenkins.io "x-0" is invalid: metadata.labels: Invalid value: "-0": a valid label must be an empty string or consist of alphanumeric characters, '-', '_' or '.', and must start and end with an alphanumeric character (e.g. 'MyValue',  or 'my_value',  or '12345', regex used for validation is '(([A-Za-z0-9][-A-Za-z0-9_.]*)?[A-Za-z0-9])?')
Associating user x-0 in users.jenkins.io with email cesarac66@hotmail.com to git GitProvider user with login -0 as emails match
Adding label jenkins.io/git-github-userid=-0 to user x-0 in users.jenkins.io
WARNING: Failed to enrich commit b5a8c49f00da181fc19060db72f757d5984662bd with issues: User.jenkins.io "x-0" is invalid: metadata.labels: Invalid value: "-0": a valid label must be an empty string or consist of alphanumeric characters, '-', '_' or '.', and must start and end with an alphanumeric character (e.g. 'MyValue',  or 'my_value',  or '12345', regex used for validation is '(([A-Za-z0-9][-A-Za-z0-9_.]*)?[A-Za-z0-9])?')
Finding issues in commit messages using git format
WARNING: No release found for beethub/file and tag v0.0.10 so creating a new release
Updated the release information at https://github.com/beethub/file/releases/tag/v0.0.10
generated: /workspace/source/charts/file/templates/release.yaml
Created Release file-0-0-10 resource in namespace **
Updating PipelineActivity beethub-file-master-11 with version 0.0.10
Updated PipelineActivities beethub-file-master-11 with release notes URL: https://github.com/beethub/file/releases/tag/v0.0.10

Showing logs for build [32mbeethub-file-master-release-fsvmj-11[0m stage [32mfrom-build-pack[0m and container [32mstep-promote-helm-release[0m
WARNING: No $CHART_REPOSITORY defined so using the default value of: http://jenkins-x-chartmuseum:8080
Adding missing Helm repo: storage.googleapis.com https://storage.googleapis.com/chartmuseum.jenkins-x.io
Successfully added Helm repository storage.googleapis.com.
Adding missing Helm repo: jenkins-x-chartmuseum http://jenkins-x-chartmuseum:8080
Successfully added Helm repository jenkins-x-chartmuseum.
WARNING: No $CHART_REPOSITORY defined so using the default value of: http://jenkins-x-chartmuseum:8080
Uploading chart file file-0.0.10.tgz to http://jenkins-x-chartmuseum:8080/api/charts
Received 201 response: {"saved":true}

Showing logs for build [32mbeethub-file-master-release-fsvmj-11[0m stage [32mfrom-build-pack[0m and container [32mstep-promote-jx-promote[0m
WARNING: prow based install so skip waiting for the merge of Pull Requests to go green as currently there is an issue with gettingstatuses from the PR, see https://github.com/jenkins-x/**/issues/2410
WARNING: No $CHART_REPOSITORY defined so using the default value of: http://jenkins-x-chartmuseum:8080
Promoting app file version 0.0.10 to namespace **-staging
WARNING: 
Created Pull Request: https://github.com/beethub/environment-beet-k8s-1-staging/pull/29
Added label updatebot to Pull Request https://github.com/beethub/environment-beet-k8s-1-staging/pull/29
got git provider status pending from PR https://github.com/beethub/environment-beet-k8s-1-staging/pull/29
got git provider status pending from PR https://github.com/beethub/environment-beet-k8s-1-staging/pull/29
got git provider status pending from PR https://github.com/beethub/environment-beet-k8s-1-staging/pull/29
got git provider status pending from PR https://github.com/beethub/environment-beet-k8s-1-staging/pull/29
Pull Request https://github.com/beethub/environment-beet-k8s-1-staging/pull/29 is merged at sha 8d531341b4ee52b7d579774172f72b3b90013d4f
Pull Request merged but we are not waiting for the update pipeline to complete!
WARNING: Could not find the service URL in namespace **-staging for names file, **-file, **-staging-file
