
Showing logs for build [32mbeethub-file-master-release-8w94d-5[0m stage [32mfrom-build-pack[0m and container [32mstep-credential-initializer-jmdqk[0m
{"level":"warn","ts":1587682788.594949,"logger":"fallback-logger","caller":"logging/config.go:69","msg":"Fetch GitHub commit ID from kodata failed: \"ref: refs/heads/0.8.0-**-support-backwards-incompats\" is not a valid GitHub commit ID"}
{"level":"info","ts":1587682788.5955367,"logger":"fallback-logger","caller":"creds-init/main.go:40","msg":"Credentials initialized."}

Showing logs for build [32mbeethub-file-master-release-8w94d-5[0m stage [32mfrom-build-pack[0m and container [32mstep-working-dir-initializer-fgmh8[0m
{"level":"warn","ts":1587682788.9437642,"logger":"fallback-logger","caller":"logging/config.go:69","msg":"Fetch GitHub commit ID from kodata failed: open /var/run/ko/HEAD: no such file or directory"}
{"level":"info","ts":1587682788.945816,"logger":"fallback-logger","caller":"bash/main.go:64","msg":"Successfully executed command \"sh -c mkdir -p /workspace/source\"; output "}

Showing logs for build [32mbeethub-file-master-release-8w94d-5[0m stage [32mfrom-build-pack[0m and container [32mstep-place-tools[0m

Showing logs for build [32mbeethub-file-master-release-8w94d-5[0m stage [32mfrom-build-pack[0m and container [32mstep-git-source-beethub-file-master-release-8w94d-sv9ct[0m
{"level":"warn","ts":1587682796.02681,"logger":"fallback-logger","caller":"logging/config.go:69","msg":"Fetch GitHub commit ID from kodata failed: \"ref: refs/heads/0.8.0-**-support-backwards-incompats\" is not a valid GitHub commit ID"}
{"level":"info","ts":1587682796.2771122,"logger":"fallback-logger","caller":"git/git.go:103","msg":"Successfully cloned https://github.com/beethub/file.git @ v0.0.4 in path /workspace/source"}

Showing logs for build [32mbeethub-file-master-release-8w94d-5[0m stage [32mfrom-build-pack[0m and container [32mstep-git-merge[0m
Using SHAs from PULL_REFS=master:a42337de446d54d55021627e733edf45985af94b
WARNING: no SHAs to merge, falling back to initial cloned commit

Showing logs for build [32mbeethub-file-master-release-8w94d-5[0m stage [32mfrom-build-pack[0m and container [32mstep-setup-jx-git-credentials[0m
Generated Git credentials file /workspace/xdg_config/git/credentials

Showing logs for build [32mbeethub-file-master-release-8w94d-5[0m stage [32mfrom-build-pack[0m and container [32mstep-build-npmrc[0m
Command "credential" is deprecated, it will be removed on Jun 1 2020.  This is replaced by Tekton's mounted secrets
WARNING: failed to find Secret npm-token in namespace **

Showing logs for build [32mbeethub-file-master-release-8w94d-5[0m stage [32mfrom-build-pack[0m and container [32mstep-build-npm-install[0m

> nodemon@2.0.3 postinstall /workspace/source/node_modules/nodemon
> node bin/postinstall || exit 0

[32mLove nodemon? You can now support the project via the open collective:[22m[39m
 > [96m[1mhttps://opencollective.com/nodemon/donate[0m

npm WARN file@1.0.0 No repository field.
npm WARN optional SKIPPING OPTIONAL DEPENDENCY: fsevents@2.1.3 (node_modules/fsevents):
npm WARN notsup SKIPPING OPTIONAL DEPENDENCY: Unsupported platform for fsevents@2.1.3: wanted {"os":"darwin","arch":"any"} (current: {"os":"linux","arch":"x64"})

added 228 packages from 286 contributors and audited 417 packages in 8.487s
found 0 vulnerabilities


Showing logs for build [32mbeethub-file-master-release-8w94d-5[0m stage [32mfrom-build-pack[0m and container [32mstep-build-npm-test[0m

> file@1.0.0 test /workspace/source
> echo "Error: no test specified" && exit 0

Error: no test specified

Showing logs for build [32mbeethub-file-master-release-8w94d-5[0m stage [32mfrom-build-pack[0m and container [32mstep-build-transpile-ts-to-js[0m

> file@1.0.0 build /workspace/source
> tsc


Showing logs for build [32mbeethub-file-master-release-8w94d-5[0m stage [32mfrom-build-pack[0m and container [32mstep-build-container-build[0m
[36mINFO[0m[0000] Downloading base image node:10-slim          
2020/04/23 23:00:20 No matching credentials were found, falling back on anonymous
[36mINFO[0m[0000] Error while retrieving image from cache: getting file info: stat /workspace/sha256:79809f748c1de29269f1fffc212486a758412e4f0f0c79eaf99408245156a042: no such file or directory 
[36mINFO[0m[0000] Downloading base image node:10-slim          
2020/04/23 23:00:20 No matching credentials were found, falling back on anonymous
[36mINFO[0m[0000] cmd: EXPOSE                                  
[36mINFO[0m[0000] Adding exposed port: 4000/tcp                
[36mINFO[0m[0000] Using files from context: [/workspace/source/package-lock.json /workspace/source/package.json] 
[36mINFO[0m[0000] Checking for cached layer docker.io/todo/cache:14a06b26fefb673ce158192ef9fcdb438bbb3732216f37b4aece91da72afbfe0... 
2020/04/23 23:00:21 No matching credentials were found, falling back on anonymous
[36mINFO[0m[0001] No cached layer found for cmd RUN npm install --production 
[36mINFO[0m[0001] Unpacking rootfs as cmd RUN npm install --production requires it. 
[36mINFO[0m[0004] Taking snapshot of full filesystem...        
[36mINFO[0m[0006] ENV PORT 4000                                
[36mINFO[0m[0006] No files changed in this command, skipping snapshotting. 
[36mINFO[0m[0006] EXPOSE 4000                                  
[36mINFO[0m[0006] cmd: EXPOSE                                  
[36mINFO[0m[0006] Adding exposed port: 4000/tcp                
[36mINFO[0m[0006] No files changed in this command, skipping snapshotting. 
[36mINFO[0m[0006] WORKDIR /usr/src/app                         
[36mINFO[0m[0006] cmd: workdir                                 
[36mINFO[0m[0006] Changed working directory to /usr/src/app    
[36mINFO[0m[0006] Creating directory /usr/src/app              
[36mINFO[0m[0006] Taking snapshot of files...                  
[36mINFO[0m[0006] ENV  NODE_ENV production                     
[36mINFO[0m[0006] No files changed in this command, skipping snapshotting. 
[36mINFO[0m[0006] Using files from context: [/workspace/source/package-lock.json /workspace/source/package.json] 
[36mINFO[0m[0006] COPY package-lock.json package.json ./       
[36mINFO[0m[0006] Taking snapshot of files...                  
[36mINFO[0m[0006] RUN npm install --production                 
[36mINFO[0m[0006] cmd: /bin/sh                                 
[36mINFO[0m[0006] args: [-c npm install --production]          
npm WARN file@1.0.0 No repository field.

added 91 packages from 111 contributors and audited 417 packages in 3.044s
found 0 vulnerabilities

[36mINFO[0m[0009] Taking snapshot of full filesystem...        
[36mINFO[0m[0012] Using files from context: [/workspace/source/dist] 
[36mINFO[0m[0012] COPY dist/ .                                 
[36mINFO[0m[0012] Taking snapshot of files...                  
[36mINFO[0m[0012] CMD ["node", "server.js"]                    
[36mINFO[0m[0012] No files changed in this command, skipping snapshotting. 
[36mINFO[0m[0012] Pushing layer docker.io/todo/cache:14a06b26fefb673ce158192ef9fcdb438bbb3732216f37b4aece91da72afbfe0 to cache now 
[33mWARN[0m[0012] error uploading layer to cache: failed to push to destination index.docker.io/todo/cache:14a06b26fefb673ce158192ef9fcdb438bbb3732216f37b4aece91da72afbfe0: unsupported status code 401; body:  
error pushing image: failed to push to destination index.docker.io/beethub/file:0.0.4: unsupported status code 401; body: 
[31m
Pipeline failed on stage 'from-build-pack' : container 'step-build-container-build'. The execution of the pipeline has stopped.[0m
