
Showing logs for build [32mbeethub-file-master-p8888-6[0m stage [32mfrom-build-pack[0m and container [32mstep-credential-initializer-4hgdb[0m
{"level":"warn","ts":1587682986.298405,"logger":"fallback-logger","caller":"logging/config.go:69","msg":"Fetch GitHub commit ID from kodata failed: \"ref: refs/heads/0.8.0-**-support-backwards-incompats\" is not a valid GitHub commit ID"}
{"level":"info","ts":1587682986.3005602,"logger":"fallback-logger","caller":"creds-init/main.go:40","msg":"Credentials initialized."}

Showing logs for build [32mbeethub-file-master-p8888-6[0m stage [32mfrom-build-pack[0m and container [32mstep-working-dir-initializer-s5vsv[0m
{"level":"warn","ts":1587682987.6422932,"logger":"fallback-logger","caller":"logging/config.go:69","msg":"Fetch GitHub commit ID from kodata failed: open /var/run/ko/HEAD: no such file or directory"}
{"level":"info","ts":1587682987.64891,"logger":"fallback-logger","caller":"bash/main.go:64","msg":"Successfully executed command \"sh -c mkdir -p /workspace/source\"; output "}

Showing logs for build [32mbeethub-file-master-p8888-6[0m stage [32mfrom-build-pack[0m and container [32mstep-place-tools[0m

Showing logs for build [32mbeethub-file-master-p8888-6[0m stage [32mfrom-build-pack[0m and container [32mstep-git-source-beethub-file-master-p8888-x6rc8[0m
{"level":"warn","ts":1587682994.7204962,"logger":"fallback-logger","caller":"logging/config.go:69","msg":"Fetch GitHub commit ID from kodata failed: \"ref: refs/heads/0.8.0-**-support-backwards-incompats\" is not a valid GitHub commit ID"}
{"level":"info","ts":1587682995.044752,"logger":"fallback-logger","caller":"git/git.go:103","msg":"Successfully cloned https://github.com/beethub/file.git @ v0.0.5 in path /workspace/source"}

Showing logs for build [32mbeethub-file-master-p8888-6[0m stage [32mfrom-build-pack[0m and container [32mstep-git-merge[0m
Using SHAs from PULL_REFS=master:a42337de446d54d55021627e733edf45985af94b
WARNING: no SHAs to merge, falling back to initial cloned commit

Showing logs for build [32mbeethub-file-master-p8888-6[0m stage [32mfrom-build-pack[0m and container [32mstep-setup-jx-git-credentials[0m
Generated Git credentials file /workspace/xdg_config/git/credentials

Showing logs for build [32mbeethub-file-master-p8888-6[0m stage [32mfrom-build-pack[0m and container [32mstep-build-npmrc[0m
Command "credential" is deprecated, it will be removed on Jun 1 2020.  This is replaced by Tekton's mounted secrets
WARNING: failed to find Secret npm-token in namespace **

Showing logs for build [32mbeethub-file-master-p8888-6[0m stage [32mfrom-build-pack[0m and container [32mstep-build-npm-install[0m

> nodemon@2.0.3 postinstall /workspace/source/node_modules/nodemon
> node bin/postinstall || exit 0

[32mLove nodemon? You can now support the project via the open collective:[22m[39m
 > [96m[1mhttps://opencollective.com/nodemon/donate[0m

npm WARN file@1.0.0 No repository field.
npm WARN optional SKIPPING OPTIONAL DEPENDENCY: fsevents@2.1.3 (node_modules/fsevents):
npm WARN notsup SKIPPING OPTIONAL DEPENDENCY: Unsupported platform for fsevents@2.1.3: wanted {"os":"darwin","arch":"any"} (current: {"os":"linux","arch":"x64"})

added 228 packages from 286 contributors and audited 417 packages in 5.932s
found 0 vulnerabilities


Showing logs for build [32mbeethub-file-master-p8888-6[0m stage [32mfrom-build-pack[0m and container [32mstep-build-npm-test[0m

> file@1.0.0 test /workspace/source
> echo "Error: no test specified" && exit 0

Error: no test specified

Showing logs for build [32mbeethub-file-master-p8888-6[0m stage [32mfrom-build-pack[0m and container [32mstep-build-transpile-ts-to-js[0m

> file@1.0.0 build /workspace/source
> tsc


Showing logs for build [32mbeethub-file-master-p8888-6[0m stage [32mfrom-build-pack[0m and container [32mstep-build-container-build[0m
[36mINFO[0m[0000] Downloading base image node:10-slim          
[36mINFO[0m[0000] Error while retrieving image from cache: getting file info: stat /workspace/sha256:79809f748c1de29269f1fffc212486a758412e4f0f0c79eaf99408245156a042: no such file or directory 
[36mINFO[0m[0000] Downloading base image node:10-slim          
[36mINFO[0m[0000] cmd: EXPOSE                                  
[36mINFO[0m[0000] Adding exposed port: 4000/tcp                
[36mINFO[0m[0000] Using files from context: [/workspace/source/package-lock.json /workspace/source/package.json] 
[36mINFO[0m[0000] Checking for cached layer docker.io/todo/cache:14a06b26fefb673ce158192ef9fcdb438bbb3732216f37b4aece91da72afbfe0... 
[36mINFO[0m[0000] No cached layer found for cmd RUN npm install --production 
[36mINFO[0m[0000] Unpacking rootfs as cmd RUN npm install --production requires it. 
[36mINFO[0m[0004] Taking snapshot of full filesystem...        
[36mINFO[0m[0006] ENV PORT 4000                                
[36mINFO[0m[0006] No files changed in this command, skipping snapshotting. 
[36mINFO[0m[0006] EXPOSE 4000                                  
[36mINFO[0m[0006] cmd: EXPOSE                                  
[36mINFO[0m[0006] Adding exposed port: 4000/tcp                
[36mINFO[0m[0006] No files changed in this command, skipping snapshotting. 
[36mINFO[0m[0006] WORKDIR /usr/src/app                         
[36mINFO[0m[0006] cmd: workdir                                 
[36mINFO[0m[0006] Changed working directory to /usr/src/app    
[36mINFO[0m[0006] Creating directory /usr/src/app              
[36mINFO[0m[0006] Taking snapshot of files...                  
[36mINFO[0m[0006] ENV  NODE_ENV production                     
[36mINFO[0m[0006] No files changed in this command, skipping snapshotting. 
[36mINFO[0m[0006] Using files from context: [/workspace/source/package-lock.json /workspace/source/package.json] 
[36mINFO[0m[0006] COPY package-lock.json package.json ./       
[36mINFO[0m[0006] Taking snapshot of files...                  
[36mINFO[0m[0006] RUN npm install --production                 
[36mINFO[0m[0006] cmd: /bin/sh                                 
[36mINFO[0m[0006] args: [-c npm install --production]          
npm WARN file@1.0.0 No repository field.

added 91 packages from 111 contributors and audited 417 packages in 3.319s
found 0 vulnerabilities

[36mINFO[0m[0010] Taking snapshot of full filesystem...        
[36mINFO[0m[0013] Pushing layer docker.io/todo/cache:14a06b26fefb673ce158192ef9fcdb438bbb3732216f37b4aece91da72afbfe0 to cache now 
[36mINFO[0m[0013] Using files from context: [/workspace/source/dist] 
[36mINFO[0m[0013] COPY dist/ .                                 
[36mINFO[0m[0013] Taking snapshot of files...                  
[36mINFO[0m[0013] CMD ["node", "server.js"]                    
[36mINFO[0m[0013] No files changed in this command, skipping snapshotting. 
[33mWARN[0m[0013] error uploading layer to cache: failed to push to destination index.docker.io/todo/cache:14a06b26fefb673ce158192ef9fcdb438bbb3732216f37b4aece91da72afbfe0: unsupported status code 401; body:  
2020/04/23 23:03:50 mounted blob: sha256:dffc92453adc4373bc160dde6f865500ea6aecece36ab7b6568c37bfd12ea1e8
2020/04/23 23:03:50 mounted blob: sha256:4469156a14f806b7b2147846da99f61aa35bec6d0fce4e9d91f301983af9d145
2020/04/23 23:03:50 mounted blob: sha256:b248fa9f6d2ae427ad7f00de3537ab256ae7eb413565f8be0773ee9b86ef57d4
2020/04/23 23:03:50 mounted blob: sha256:e0e12a9748040266d2d09cc72d614aca34372e71e18eeed24cac348afd749dde
2020/04/23 23:03:50 mounted blob: sha256:ef52e5d248350d9b7264086aeea8f7ddc02075ae900f879fe7f90e53b699927b
2020/04/23 23:03:50 pushed blob: sha256:9ea621310b35ea1b77f930cab7f8fd25fb7b18e2744d2bc0dbf19013427541cf
2020/04/23 23:03:51 pushed blob: sha256:910b987299d136306658d27ea1808b359b4df2e435a35c8a55df2e8f3d844988
2020/04/23 23:03:51 pushed blob: sha256:790441859b2abf003d800fc7cdf5c87f090837ab3278374a50cea7c2cb5567b0
2020/04/23 23:03:51 pushed blob: sha256:2a84c6eae001671c4fccdc1a029b95a25c156b614bdef86e7755dfc76f67804f
2020/04/23 23:03:53 pushed blob: sha256:78d2233b7c2356e684579267e6b3d9979c653692ca175d5322bf29de5945a07b
2020/04/23 23:03:54 index.docker.io/beethub/file:0.0.5: digest: sha256:c82e5278f4cb0a746fde418c8cb871ce69eabaca83a6580311fc272d5c04dd99 size: 1727

Showing logs for build [32mbeethub-file-master-p8888-6[0m stage [32mfrom-build-pack[0m and container [32mstep-build-post-build[0m
no CVE provider running in the current ** namespace so skip adding image to be analysed

Showing logs for build [32mbeethub-file-master-p8888-6[0m stage [32mfrom-build-pack[0m and container [32mstep-promote-changelog[0m
Converted /workspace/source/charts/file to an unshallow repository
Generating change log from git ref a37ee79506c9a125bf7f5b01ecc627eace8152b8 => c963e779214117a63b0f1a51ce197d2d99289bd7
WARNING: No release found for beethub/file and tag v0.0.5 so creating a new release
Updated the release information at https://github.com/beethub/file/releases/tag/v0.0.5
generated: /workspace/source/charts/file/templates/release.yaml
Created Release file-0-0-5 resource in namespace **
Updating PipelineActivity beethub-file-master-6 with version 0.0.5
Updated PipelineActivities beethub-file-master-6 with release notes URL: https://github.com/beethub/file/releases/tag/v0.0.5

Showing logs for build [32mbeethub-file-master-p8888-6[0m stage [32mfrom-build-pack[0m and container [32mstep-promote-helm-release[0m
WARNING: No $CHART_REPOSITORY defined so using the default value of: http://jenkins-x-chartmuseum:8080
Adding missing Helm repo: storage.googleapis.com https://storage.googleapis.com/chartmuseum.jenkins-x.io
Successfully added Helm repository storage.googleapis.com.
Adding missing Helm repo: jenkins-x-chartmuseum http://jenkins-x-chartmuseum:8080
Successfully added Helm repository jenkins-x-chartmuseum.
WARNING: No $CHART_REPOSITORY defined so using the default value of: http://jenkins-x-chartmuseum:8080
Uploading chart file file-0.0.5.tgz to http://jenkins-x-chartmuseum:8080/api/charts
Received 201 response: {"saved":true}

Showing logs for build [32mbeethub-file-master-p8888-6[0m stage [32mfrom-build-pack[0m and container [32mstep-promote-jx-promote[0m
WARNING: prow based install so skip waiting for the merge of Pull Requests to go green as currently there is an issue with gettingstatuses from the PR, see https://github.com/jenkins-x/**/issues/2410
WARNING: No $CHART_REPOSITORY defined so using the default value of: http://jenkins-x-chartmuseum:8080
Promoting app file version 0.0.5 to namespace **-staging
WARNING: 
Created Pull Request: https://github.com/beethub/environment-beet-k8s-1-staging/pull/25
Added label updatebot to Pull Request https://github.com/beethub/environment-beet-k8s-1-staging/pull/25
got git provider status pending from PR https://github.com/beethub/environment-beet-k8s-1-staging/pull/25
got git provider status pending from PR https://github.com/beethub/environment-beet-k8s-1-staging/pull/25
got git provider status pending from PR https://github.com/beethub/environment-beet-k8s-1-staging/pull/25
got git provider status pending from PR https://github.com/beethub/environment-beet-k8s-1-staging/pull/25
got git provider status pending from PR https://github.com/beethub/environment-beet-k8s-1-staging/pull/25
Pull Request https://github.com/beethub/environment-beet-k8s-1-staging/pull/25 is merged at sha 54dad7ac70cd4cfdfec4edf3a1043d045b281cc7
Pull Request merged but we are not waiting for the update pipeline to complete!
WARNING: Could not find the service URL in namespace **-staging for names file, **-file, **-staging-file
