
Showing logs for build [32mbeethub-file-master-release-csx5x-7[0m stage [32mfrom-build-pack[0m and container [32mstep-credential-initializer-fcnxt[0m
{"level":"warn","ts":1587685345.619613,"logger":"fallback-logger","caller":"logging/config.go:69","msg":"Fetch GitHub commit ID from kodata failed: \"ref: refs/heads/0.8.0-**-support-backwards-incompats\" is not a valid GitHub commit ID"}
{"level":"info","ts":1587685345.6201692,"logger":"fallback-logger","caller":"creds-init/main.go:40","msg":"Credentials initialized."}

Showing logs for build [32mbeethub-file-master-release-csx5x-7[0m stage [32mfrom-build-pack[0m and container [32mstep-working-dir-initializer-5hvhg[0m
{"level":"warn","ts":1587685346.0641432,"logger":"fallback-logger","caller":"logging/config.go:69","msg":"Fetch GitHub commit ID from kodata failed: open /var/run/ko/HEAD: no such file or directory"}
{"level":"info","ts":1587685346.0665972,"logger":"fallback-logger","caller":"bash/main.go:64","msg":"Successfully executed command \"sh -c mkdir -p /workspace/source\"; output "}

Showing logs for build [32mbeethub-file-master-release-csx5x-7[0m stage [32mfrom-build-pack[0m and container [32mstep-place-tools[0m

Showing logs for build [32mbeethub-file-master-release-csx5x-7[0m stage [32mfrom-build-pack[0m and container [32mstep-git-source-beethub-file-master-release-csx5x-jd6r5[0m
{"level":"warn","ts":1587685353.1650271,"logger":"fallback-logger","caller":"logging/config.go:69","msg":"Fetch GitHub commit ID from kodata failed: \"ref: refs/heads/0.8.0-**-support-backwards-incompats\" is not a valid GitHub commit ID"}
{"level":"info","ts":1587685353.476327,"logger":"fallback-logger","caller":"git/git.go:103","msg":"Successfully cloned https://github.com/beethub/file.git @ v0.0.6 in path /workspace/source"}

Showing logs for build [32mbeethub-file-master-release-csx5x-7[0m stage [32mfrom-build-pack[0m and container [32mstep-git-merge[0m
Using SHAs from PULL_REFS=master:02373206af85b39b342fc55f2c20b4ee69d7f59a
WARNING: no SHAs to merge, falling back to initial cloned commit

Showing logs for build [32mbeethub-file-master-release-csx5x-7[0m stage [32mfrom-build-pack[0m and container [32mstep-setup-jx-git-credentials[0m
Generated Git credentials file /workspace/xdg_config/git/credentials

Showing logs for build [32mbeethub-file-master-release-csx5x-7[0m stage [32mfrom-build-pack[0m and container [32mstep-build-npmrc-ts[0m
Command "credential" is deprecated, it will be removed on Jun 1 2020.  This is replaced by Tekton's mounted secrets
WARNING: failed to find Secret npm-token in namespace **

Showing logs for build [32mbeethub-file-master-release-csx5x-7[0m stage [32mfrom-build-pack[0m and container [32mstep-build-npm-install-ts[0m

> nodemon@2.0.3 postinstall /workspace/source/node_modules/nodemon
> node bin/postinstall || exit 0

[32mLove nodemon? You can now support the project via the open collective:[22m[39m
 > [96m[1mhttps://opencollective.com/nodemon/donate[0m

npm WARN file@1.0.0 No repository field.
npm WARN optional SKIPPING OPTIONAL DEPENDENCY: fsevents@2.1.3 (node_modules/fsevents):
npm WARN notsup SKIPPING OPTIONAL DEPENDENCY: Unsupported platform for fsevents@2.1.3: wanted {"os":"darwin","arch":"any"} (current: {"os":"linux","arch":"x64"})

added 241 packages from 299 contributors and audited 567 packages in 5.534s
found 0 vulnerabilities


Showing logs for build [32mbeethub-file-master-release-csx5x-7[0m stage [32mfrom-build-pack[0m and container [32mstep-build-npm-test-ts[0m

> file@1.0.0 test /workspace/source
> echo "Error: no test specified" && exit 0

Error: no test specified

Showing logs for build [32mbeethub-file-master-release-csx5x-7[0m stage [32mfrom-build-pack[0m and container [32mstep-build-transpile-ts-to-js[0m

> file@1.0.0 build /workspace/source
> tsc


Showing logs for build [32mbeethub-file-master-release-csx5x-7[0m stage [32mfrom-build-pack[0m and container [32mstep-build-container-build-ts[0m
[36mINFO[0m[0000] Downloading base image node:10-slim          
2020/04/23 23:42:55 No matching credentials were found, falling back on anonymous
[36mINFO[0m[0000] Error while retrieving image from cache: getting file info: stat /workspace/sha256:79809f748c1de29269f1fffc212486a758412e4f0f0c79eaf99408245156a042: no such file or directory 
[36mINFO[0m[0000] Downloading base image node:10-slim          
2020/04/23 23:42:55 No matching credentials were found, falling back on anonymous
[36mINFO[0m[0000] cmd: EXPOSE                                  
[36mINFO[0m[0000] Adding exposed port: 4000/tcp                
[36mINFO[0m[0000] Using files from context: [/workspace/source/package-lock.json /workspace/source/package.json] 
[36mINFO[0m[0000] Checking for cached layer docker.io/todo/cache:aca6142117d9c59161e0777aa01cd52e81fa252579e37f7d447e7a305931ad15... 
2020/04/23 23:42:56 No matching credentials were found, falling back on anonymous
[36mINFO[0m[0000] No cached layer found for cmd RUN npm install --production 
[36mINFO[0m[0000] Unpacking rootfs as cmd RUN npm install --production requires it. 
[36mINFO[0m[0004] Taking snapshot of full filesystem...        
[36mINFO[0m[0005] ENV PORT 4000                                
[36mINFO[0m[0005] No files changed in this command, skipping snapshotting. 
[36mINFO[0m[0005] EXPOSE 4000                                  
[36mINFO[0m[0005] cmd: EXPOSE                                  
[36mINFO[0m[0005] Adding exposed port: 4000/tcp                
[36mINFO[0m[0005] No files changed in this command, skipping snapshotting. 
[36mINFO[0m[0005] WORKDIR /usr/src/app                         
[36mINFO[0m[0005] cmd: workdir                                 
[36mINFO[0m[0005] Changed working directory to /usr/src/app    
[36mINFO[0m[0005] Creating directory /usr/src/app              
[36mINFO[0m[0005] Taking snapshot of files...                  
[36mINFO[0m[0005] ENV  NODE_ENV production                     
[36mINFO[0m[0005] No files changed in this command, skipping snapshotting. 
[36mINFO[0m[0005] Using files from context: [/workspace/source/package-lock.json /workspace/source/package.json] 
[36mINFO[0m[0005] COPY package-lock.json package.json ./       
[36mINFO[0m[0005] Taking snapshot of files...                  
[36mINFO[0m[0005] RUN npm install --production                 
[36mINFO[0m[0005] cmd: /bin/sh                                 
[36mINFO[0m[0005] args: [-c npm install --production]          
npm WARN file@1.0.0 No repository field.

added 105 packages from 124 contributors and audited 567 packages in 3.391s

1 package is looking for funding
  run `npm fund` for details

found 0 vulnerabilities

[36mINFO[0m[0009] Taking snapshot of full filesystem...        
[36mINFO[0m[0012] Pushing layer docker.io/todo/cache:aca6142117d9c59161e0777aa01cd52e81fa252579e37f7d447e7a305931ad15 to cache now 
[36mINFO[0m[0012] Using files from context: [/workspace/source/dist] 
[36mINFO[0m[0012] COPY dist/ .                                 
[36mINFO[0m[0012] Taking snapshot of files...                  
[36mINFO[0m[0012] CMD ["node", "server.js"]                    
[36mINFO[0m[0012] No files changed in this command, skipping snapshotting. 
[33mWARN[0m[0012] error uploading layer to cache: failed to push to destination index.docker.io/todo/cache:aca6142117d9c59161e0777aa01cd52e81fa252579e37f7d447e7a305931ad15: unsupported status code 401; body:  
2020/04/23 23:43:08 existing blob: sha256:dffc92453adc4373bc160dde6f865500ea6aecece36ab7b6568c37bfd12ea1e8
2020/04/23 23:43:08 existing blob: sha256:b248fa9f6d2ae427ad7f00de3537ab256ae7eb413565f8be0773ee9b86ef57d4
2020/04/23 23:43:08 existing blob: sha256:ef52e5d248350d9b7264086aeea8f7ddc02075ae900f879fe7f90e53b699927b
2020/04/23 23:43:08 existing blob: sha256:e0e12a9748040266d2d09cc72d614aca34372e71e18eeed24cac348afd749dde
2020/04/23 23:43:08 existing blob: sha256:4469156a14f806b7b2147846da99f61aa35bec6d0fce4e9d91f301983af9d145
error pushing image: failed to push to destination index.docker.io/beethub/file:0.0.6: UNAUTHORIZED: authentication required; [map[Type:repository Class: Name:beethub/file Action:pull] map[Type:repository Class: Name:beethub/file Action:push]]
[31m
Pipeline failed on stage 'from-build-pack' : container 'step-build-container-build-ts'. The execution of the pipeline has stopped.[0m
