
Showing logs for build [32mbeethub-file-master-release-4nrg2-8[0m stage [32mfrom-build-pack[0m and container [32mstep-credential-initializer-hjjc7[0m
{"level":"warn","ts":1587685539.709699,"logger":"fallback-logger","caller":"logging/config.go:69","msg":"Fetch GitHub commit ID from kodata failed: \"ref: refs/heads/0.8.0-**-support-backwards-incompats\" is not a valid GitHub commit ID"}
{"level":"info","ts":1587685539.7101588,"logger":"fallback-logger","caller":"creds-init/main.go:40","msg":"Credentials initialized."}

Showing logs for build [32mbeethub-file-master-release-4nrg2-8[0m stage [32mfrom-build-pack[0m and container [32mstep-working-dir-initializer-wgtzz[0m
{"level":"warn","ts":1587685541.0063274,"logger":"fallback-logger","caller":"logging/config.go:69","msg":"Fetch GitHub commit ID from kodata failed: open /var/run/ko/HEAD: no such file or directory"}
{"level":"info","ts":1587685541.0120573,"logger":"fallback-logger","caller":"bash/main.go:64","msg":"Successfully executed command \"sh -c mkdir -p /workspace/source\"; output "}

Showing logs for build [32mbeethub-file-master-release-4nrg2-8[0m stage [32mfrom-build-pack[0m and container [32mstep-place-tools[0m

Showing logs for build [32mbeethub-file-master-release-4nrg2-8[0m stage [32mfrom-build-pack[0m and container [32mstep-git-source-beethub-file-master-release-4nrg2-d8x4r[0m
{"level":"warn","ts":1587685547.8926082,"logger":"fallback-logger","caller":"logging/config.go:69","msg":"Fetch GitHub commit ID from kodata failed: \"ref: refs/heads/0.8.0-**-support-backwards-incompats\" is not a valid GitHub commit ID"}
{"level":"info","ts":1587685548.1487474,"logger":"fallback-logger","caller":"git/git.go:103","msg":"Successfully cloned https://github.com/beethub/file.git @ v0.0.7 in path /workspace/source"}

Showing logs for build [32mbeethub-file-master-release-4nrg2-8[0m stage [32mfrom-build-pack[0m and container [32mstep-git-merge[0m
Using SHAs from PULL_REFS=master:b9992338f3a8a174c8fc1f889a0c5eb33f1fde4c
WARNING: no SHAs to merge, falling back to initial cloned commit

Showing logs for build [32mbeethub-file-master-release-4nrg2-8[0m stage [32mfrom-build-pack[0m and container [32mstep-setup-jx-git-credentials[0m
Generated Git credentials file /workspace/xdg_config/git/credentials

Showing logs for build [32mbeethub-file-master-release-4nrg2-8[0m stage [32mfrom-build-pack[0m and container [32mstep-build-npmrc-ts[0m
Command "credential" is deprecated, it will be removed on Jun 1 2020.  This is replaced by Tekton's mounted secrets
WARNING: failed to find Secret npm-token in namespace **

Showing logs for build [32mbeethub-file-master-release-4nrg2-8[0m stage [32mfrom-build-pack[0m and container [32mstep-build-npm-install-ts[0m

> nodemon@2.0.3 postinstall /workspace/source/node_modules/nodemon
> node bin/postinstall || exit 0

[32mLove nodemon? You can now support the project via the open collective:[22m[39m
 > [96m[1mhttps://opencollective.com/nodemon/donate[0m

npm WARN file@1.0.0 No repository field.
npm WARN optional SKIPPING OPTIONAL DEPENDENCY: fsevents@2.1.3 (node_modules/fsevents):
npm WARN notsup SKIPPING OPTIONAL DEPENDENCY: Unsupported platform for fsevents@2.1.3: wanted {"os":"darwin","arch":"any"} (current: {"os":"linux","arch":"x64"})

added 241 packages from 299 contributors and audited 567 packages in 5.445s
found 0 vulnerabilities


Showing logs for build [32mbeethub-file-master-release-4nrg2-8[0m stage [32mfrom-build-pack[0m and container [32mstep-build-npm-test-ts[0m

> file@1.0.0 test /workspace/source
> echo "Error: no test specified" && exit 0

Error: no test specified

Showing logs for build [32mbeethub-file-master-release-4nrg2-8[0m stage [32mfrom-build-pack[0m and container [32mstep-build-transpile-ts-to-js[0m

> file@1.0.0 build /workspace/source
> tsc


Showing logs for build [32mbeethub-file-master-release-4nrg2-8[0m stage [32mfrom-build-pack[0m and container [32mstep-build-container-build-ts[0m
[36mINFO[0m[0000] Downloading base image node:10-slim          
[36mINFO[0m[0000] Error while retrieving image from cache: getting file info: stat /workspace/sha256:79809f748c1de29269f1fffc212486a758412e4f0f0c79eaf99408245156a042: no such file or directory 
[36mINFO[0m[0000] Downloading base image node:10-slim          
[36mINFO[0m[0000] cmd: EXPOSE                                  
[36mINFO[0m[0000] Adding exposed port: 4000/tcp                
[36mINFO[0m[0000] Using files from context: [/workspace/source/package-lock.json /workspace/source/package.json] 
[36mINFO[0m[0000] Checking for cached layer docker.io/todo/cache:aca6142117d9c59161e0777aa01cd52e81fa252579e37f7d447e7a305931ad15... 
[36mINFO[0m[0000] No cached layer found for cmd RUN npm install --production 
[36mINFO[0m[0000] Unpacking rootfs as cmd RUN npm install --production requires it. 
[36mINFO[0m[0004] Taking snapshot of full filesystem...        
[36mINFO[0m[0005] ENV PORT 4000                                
[36mINFO[0m[0005] No files changed in this command, skipping snapshotting. 
[36mINFO[0m[0005] EXPOSE 4000                                  
[36mINFO[0m[0005] cmd: EXPOSE                                  
[36mINFO[0m[0005] Adding exposed port: 4000/tcp                
[36mINFO[0m[0005] No files changed in this command, skipping snapshotting. 
[36mINFO[0m[0005] WORKDIR /usr/src/app                         
[36mINFO[0m[0005] cmd: workdir                                 
[36mINFO[0m[0005] Changed working directory to /usr/src/app    
[36mINFO[0m[0005] Creating directory /usr/src/app              
[36mINFO[0m[0005] Taking snapshot of files...                  
[36mINFO[0m[0005] ENV  NODE_ENV production                     
[36mINFO[0m[0005] No files changed in this command, skipping snapshotting. 
[36mINFO[0m[0005] Using files from context: [/workspace/source/package-lock.json /workspace/source/package.json] 
[36mINFO[0m[0005] COPY package-lock.json package.json ./       
[36mINFO[0m[0005] Taking snapshot of files...                  
[36mINFO[0m[0005] RUN npm install --production                 
[36mINFO[0m[0005] cmd: /bin/sh                                 
[36mINFO[0m[0005] args: [-c npm install --production]          
npm WARN file@1.0.0 No repository field.

added 105 packages from 124 contributors and audited 567 packages in 3.159s

1 package is looking for funding
  run `npm fund` for details

found 0 vulnerabilities

[36mINFO[0m[0009] Taking snapshot of full filesystem...        
[36mINFO[0m[0011] Pushing layer docker.io/todo/cache:aca6142117d9c59161e0777aa01cd52e81fa252579e37f7d447e7a305931ad15 to cache now 
[36mINFO[0m[0011] Using files from context: [/workspace/source/dist] 
[36mINFO[0m[0011] COPY dist/ .                                 
[36mINFO[0m[0011] Taking snapshot of files...                  
[36mINFO[0m[0011] CMD ["node", "server.js"]                    
[36mINFO[0m[0011] No files changed in this command, skipping snapshotting. 
[33mWARN[0m[0011] error uploading layer to cache: failed to push to destination index.docker.io/todo/cache:aca6142117d9c59161e0777aa01cd52e81fa252579e37f7d447e7a305931ad15: unsupported status code 401; body:  
2020/04/23 23:46:22 existing blob: sha256:dffc92453adc4373bc160dde6f865500ea6aecece36ab7b6568c37bfd12ea1e8
2020/04/23 23:46:22 existing blob: sha256:ef52e5d248350d9b7264086aeea8f7ddc02075ae900f879fe7f90e53b699927b
2020/04/23 23:46:22 existing blob: sha256:4469156a14f806b7b2147846da99f61aa35bec6d0fce4e9d91f301983af9d145
2020/04/23 23:46:22 existing blob: sha256:e0e12a9748040266d2d09cc72d614aca34372e71e18eeed24cac348afd749dde
2020/04/23 23:46:22 existing blob: sha256:b248fa9f6d2ae427ad7f00de3537ab256ae7eb413565f8be0773ee9b86ef57d4
2020/04/23 23:46:23 pushed blob: sha256:c2f97b1bbd8429b807a889fddc1e4d2dae43584b2d96fa3fdcafe43da9ef25bc
2020/04/23 23:46:23 pushed blob: sha256:e0a405886250c17a6271aca8dc4721b3957cd50687c7b108d66b71ccc6da92f7
2020/04/23 23:46:23 pushed blob: sha256:37485a85c86bf96b59058a7d831c0af7101263ef4f8176636bcade0a940a99eb
2020/04/23 23:46:23 pushed blob: sha256:b85ed73249edaebbfbb697c401f00ea332895597344005d436143d9cdf85efed
2020/04/23 23:46:25 pushed blob: sha256:bcf4d68a49af6bbea547fa24b4259257a97deabfd30253b675033c0cb0227605
2020/04/23 23:46:25 index.docker.io/beethub/file:0.0.7: digest: sha256:634465c970ef2884934504abf37efe7525dc163427d99105b05b11a3efbd499d size: 1727

Showing logs for build [32mbeethub-file-master-release-4nrg2-8[0m stage [32mfrom-build-pack[0m and container [32mstep-build-post-build-ts[0m
no CVE provider running in the current ** namespace so skip adding image to be analysed

Showing logs for build [32mbeethub-file-master-release-4nrg2-8[0m stage [32mfrom-build-pack[0m and container [32mstep-promote-changelog[0m
Converted /workspace/source/charts/file to an unshallow repository
Generating change log from git ref 9b60847aeae1fc157e9c4257d473a28cc7119b90 => 28f24c7535323f09b03b9525b2482f00ae0b82e0
Associating user x-0 in users.jenkins.io with email cesarac66@hotmail.com to git GitProvider user with login -0 as emails match
Adding label jenkins.io/git-github-userid=-0 to user x-0 in users.jenkins.io
WARNING: Failed to enrich commit b9992338f3a8a174c8fc1f889a0c5eb33f1fde4c with issues: User.jenkins.io "x-0" is invalid: metadata.labels: Invalid value: "-0": a valid label must be an empty string or consist of alphanumeric characters, '-', '_' or '.', and must start and end with an alphanumeric character (e.g. 'MyValue',  or 'my_value',  or '12345', regex used for validation is '(([A-Za-z0-9][-A-Za-z0-9_.]*)?[A-Za-z0-9])?')
Associating user x-0 in users.jenkins.io with email cesarac66@hotmail.com to git GitProvider user with login -0 as emails match
Adding label jenkins.io/git-github-userid=-0 to user x-0 in users.jenkins.io
WARNING: Failed to enrich commit b9992338f3a8a174c8fc1f889a0c5eb33f1fde4c with issues: User.jenkins.io "x-0" is invalid: metadata.labels: Invalid value: "-0": a valid label must be an empty string or consist of alphanumeric characters, '-', '_' or '.', and must start and end with an alphanumeric character (e.g. 'MyValue',  or 'my_value',  or '12345', regex used for validation is '(([A-Za-z0-9][-A-Za-z0-9_.]*)?[A-Za-z0-9])?')
Finding issues in commit messages using git format
WARNING: No release found for beethub/file and tag v0.0.7 so creating a new release
Updated the release information at https://github.com/beethub/file/releases/tag/v0.0.7
generated: /workspace/source/charts/file/templates/release.yaml
Created Release file-0-0-7 resource in namespace **
Updating PipelineActivity beethub-file-master-8 with version 0.0.7
Updated PipelineActivities beethub-file-master-8 with release notes URL: https://github.com/beethub/file/releases/tag/v0.0.7

Showing logs for build [32mbeethub-file-master-release-4nrg2-8[0m stage [32mfrom-build-pack[0m and container [32mstep-promote-helm-release[0m
WARNING: No $CHART_REPOSITORY defined so using the default value of: http://jenkins-x-chartmuseum:8080
Adding missing Helm repo: storage.googleapis.com https://storage.googleapis.com/chartmuseum.jenkins-x.io
Successfully added Helm repository storage.googleapis.com.
Adding missing Helm repo: jenkins-x-chartmuseum http://jenkins-x-chartmuseum:8080
Successfully added Helm repository jenkins-x-chartmuseum.
WARNING: No $CHART_REPOSITORY defined so using the default value of: http://jenkins-x-chartmuseum:8080
Uploading chart file file-0.0.7.tgz to http://jenkins-x-chartmuseum:8080/api/charts
Received 201 response: {"saved":true}

Showing logs for build [32mbeethub-file-master-release-4nrg2-8[0m stage [32mfrom-build-pack[0m and container [32mstep-promote-jx-promote[0m
WARNING: prow based install so skip waiting for the merge of Pull Requests to go green as currently there is an issue with gettingstatuses from the PR, see https://github.com/jenkins-x/**/issues/2410
WARNING: No $CHART_REPOSITORY defined so using the default value of: http://jenkins-x-chartmuseum:8080
Promoting app file version 0.0.7 to namespace **-staging
WARNING: 
Created Pull Request: https://github.com/beethub/environment-beet-k8s-1-staging/pull/26
Added label updatebot to Pull Request https://github.com/beethub/environment-beet-k8s-1-staging/pull/26
got git provider status pending from PR https://github.com/beethub/environment-beet-k8s-1-staging/pull/26
got git provider status pending from PR https://github.com/beethub/environment-beet-k8s-1-staging/pull/26
got git provider status pending from PR https://github.com/beethub/environment-beet-k8s-1-staging/pull/26
got git provider status pending from PR https://github.com/beethub/environment-beet-k8s-1-staging/pull/26
Pull Request https://github.com/beethub/environment-beet-k8s-1-staging/pull/26 is merged at sha bc4c20ef79b1eefa98d92328a53b8ec8054c139d
Pull Request merged but we are not waiting for the update pipeline to complete!
WARNING: Could not find the service URL in namespace **-staging for names file, **-file, **-staging-file
